This file contains any messages produced by compilers while
running configure, to aid debugging if configure makes a mistake.

It was created by orpara configure 0.1.0, which was
generated by GNU Autoconf 2.69.  Invocation command line was

  $ ./configure --no-create --no-recursion

## --------- ##
## Platform. ##
## --------- ##

hostname = jinshou
uname -m = x86_64
uname -r = 4.4.0-47-generic
uname -s = Linux
uname -v = #68-Ubuntu SMP Wed Oct 26 19:39:52 UTC 2016

/usr/bin/uname -p = unknown
/bin/uname -X     = unknown

/bin/arch              = unknown
/usr/bin/arch -k       = unknown
/usr/convex/getsysinfo = unknown
/usr/bin/hostinfo      = unknown
/bin/machine           = unknown
/usr/bin/oslevel       = unknown
/bin/universe          = unknown

PATH: /usr/local/sbin
PATH: /usr/local/bin
PATH: /usr/sbin
PATH: /usr/bin
PATH: /sbin
PATH: /bin
PATH: /usr/games
PATH: /usr/local/games


## ----------- ##
## Core tests. ##
## ----------- ##

configure:2384: checking for a BSD-compatible install
configure:2452: result: /usr/bin/install -c
configure:2463: checking whether build environment is sane
configure:2518: result: yes
configure:2669: checking for a thread-safe mkdir -p
configure:2708: result: /bin/mkdir -p
configure:2715: checking for gawk
configure:2745: result: no
configure:2715: checking for mawk
configure:2731: found /usr/bin/mawk
configure:2742: result: mawk
configure:2753: checking whether make sets $(MAKE)
configure:2775: result: yes
configure:2804: checking whether make supports nested variables
configure:2821: result: yes
configure:2959: checking for style of include used by make
configure:2987: result: GNU
configure:3058: checking for gcc
configure:3074: found /usr/bin/gcc
configure:3085: result: gcc
configure:3314: checking for C compiler version
configure:3323: gcc --version >&5
gcc (Ubuntu 5.4.0-6ubuntu1~16.04.4) 5.4.0 20160609
Copyright (C) 2015 Free Software Foundation, Inc.
This is free software; see the source for copying conditions.  There is NO
warranty; not even for MERCHANTABILITY or FITNESS FOR A PARTICULAR PURPOSE.

configure:3334: $? = 0
configure:3323: gcc -v >&5
Using built-in specs.
COLLECT_GCC=gcc
COLLECT_LTO_WRAPPER=/usr/lib/gcc/x86_64-linux-gnu/5/lto-wrapper
Target: x86_64-linux-gnu
Configured with: ../src/configure -v --with-pkgversion='Ubuntu 5.4.0-6ubuntu1~16.04.4' --with-bugurl=file:///usr/share/doc/gcc-5/README.Bugs --enable-languages=c,ada,c++,java,go,d,fortran,objc,obj-c++ --prefix=/usr --program-suffix=-5 --enable-shared --enable-linker-build-id --libexecdir=/usr/lib --without-included-gettext --enable-threads=posix --libdir=/usr/lib --enable-nls --with-sysroot=/ --enable-clocale=gnu --enable-libstdcxx-debug --enable-libstdcxx-time=yes --with-default-libstdcxx-abi=new --enable-gnu-unique-object --disable-vtable-verify --enable-libmpx --enable-plugin --with-system-zlib --disable-browser-plugin --enable-java-awt=gtk --enable-gtk-cairo --with-java-home=/usr/lib/jvm/java-1.5.0-gcj-5-amd64/jre --enable-java-home --with-jvm-root-dir=/usr/lib/jvm/java-1.5.0-gcj-5-amd64 --with-jvm-jar-dir=/usr/lib/jvm-exports/java-1.5.0-gcj-5-amd64 --with-arch-directory=amd64 --with-ecj-jar=/usr/share/java/eclipse-ecj.jar --enable-objc-gc --enable-multiarch --disable-werror --with-arch-32=i686 --with-abi=m64 --with-multilib-list=m32,m64,mx32 --enable-multilib --with-tune=generic --enable-checking=release --build=x86_64-linux-gnu --host=x86_64-linux-gnu --target=x86_64-linux-gnu
Thread model: posix
gcc version 5.4.0 20160609 (Ubuntu 5.4.0-6ubuntu1~16.04.4) 
configure:3334: $? = 0
configure:3323: gcc -V >&5
gcc: error: unrecognized command line option '-V'
gcc: fatal error: no input files
compilation terminated.
configure:3334: $? = 1
configure:3323: gcc -qversion >&5
gcc: error: unrecognized command line option '-qversion'
gcc: fatal error: no input files
compilation terminated.
configure:3334: $? = 1
configure:3354: checking whether the C compiler works
configure:3376: gcc    conftest.c  >&5
configure:3380: $? = 0
configure:3428: result: yes
configure:3431: checking for C compiler default output file name
configure:3433: result: a.out
configure:3439: checking for suffix of executables
configure:3446: gcc -o conftest    conftest.c  >&5
configure:3450: $? = 0
configure:3472: result: 
configure:3494: checking whether we are cross compiling
configure:3502: gcc -o conftest    conftest.c  >&5
configure:3506: $? = 0
configure:3513: ./conftest
configure:3517: $? = 0
configure:3532: result: no
configure:3537: checking for suffix of object files
configure:3559: gcc -c   conftest.c >&5
configure:3563: $? = 0
configure:3584: result: o
configure:3588: checking whether we are using the GNU C compiler
configure:3607: gcc -c   conftest.c >&5
configure:3607: $? = 0
configure:3616: result: yes
configure:3625: checking whether gcc accepts -g
configure:3645: gcc -c -g  conftest.c >&5
configure:3645: $? = 0
configure:3686: result: yes
configure:3703: checking for gcc option to accept ISO C89
configure:3766: gcc  -c -g -O2  conftest.c >&5
configure:3766: $? = 0
configure:3779: result: none needed
configure:3804: checking whether gcc understands -c and -o together
configure:3826: gcc -c conftest.c -o conftest2.o
configure:3829: $? = 0
configure:3826: gcc -c conftest.c -o conftest2.o
configure:3829: $? = 0
configure:3841: result: yes
configure:3860: checking dependency style of gcc
configure:3971: result: gcc3
configure:4036: checking for ar
configure:4052: found /usr/bin/ar
configure:4063: result: ar
configure:4089: checking the archiver (ar) interface
configure:4105: gcc -c -g -O2  conftest.c >&5
configure:4105: $? = 0
configure:4107: ar cru libconftest.a conftest.o >&5
ar: `u' modifier ignored since `D' is the default (see `U')
configure:4110: $? = 0
configure:4138: result: ar
configure:4191: checking build system type
configure:4205: result: x86_64-pc-linux-gnu
configure:4225: checking host system type
configure:4238: result: x86_64-pc-linux-gnu
configure:4279: checking how to print strings
configure:4306: result: printf
configure:4327: checking for a sed that does not truncate output
configure:4391: result: /bin/sed
configure:4409: checking for grep that handles long lines and -e
configure:4467: result: /bin/grep
configure:4472: checking for egrep
configure:4534: result: /bin/grep -E
configure:4539: checking for fgrep
configure:4601: result: /bin/grep -F
configure:4636: checking for ld used by gcc
configure:4703: result: /usr/bin/ld
configure:4710: checking if the linker (/usr/bin/ld) is GNU ld
configure:4725: result: yes
configure:4737: checking for BSD- or MS-compatible name lister (nm)
configure:4791: result: /usr/bin/nm -B
configure:4921: checking the name lister (/usr/bin/nm -B) interface
configure:4928: gcc -c -g -O2  conftest.c >&5
configure:4931: /usr/bin/nm -B "conftest.o"
configure:4934: output
0000000000000000 B some_variable
configure:4941: result: BSD nm
configure:4944: checking whether ln -s works
configure:4948: result: yes
configure:4956: checking the maximum length of command line arguments
configure:5087: result: 1572864
configure:5135: checking how to convert x86_64-pc-linux-gnu file names to x86_64-pc-linux-gnu format
configure:5175: result: func_convert_file_noop
configure:5182: checking how to convert x86_64-pc-linux-gnu file names to toolchain format
configure:5202: result: func_convert_file_noop
configure:5209: checking for /usr/bin/ld option to reload object files
configure:5216: result: -r
configure:5290: checking for objdump
configure:5306: found /usr/bin/objdump
configure:5317: result: objdump
configure:5349: checking how to recognize dependent libraries
configure:5549: result: pass_all
configure:5634: checking for dlltool
configure:5664: result: no
configure:5694: checking how to associate runtime and link libraries
configure:5721: result: printf %s\n
configure:5845: checking for archiver @FILE support
configure:5862: gcc -c -g -O2  conftest.c >&5
configure:5862: $? = 0
configure:5865: ar cru libconftest.a @conftest.lst >&5
ar: `u' modifier ignored since `D' is the default (see `U')
configure:5868: $? = 0
configure:5873: ar cru libconftest.a @conftest.lst >&5
ar: `u' modifier ignored since `D' is the default (see `U')
ar: conftest.o: No such file or directory
configure:5876: $? = 1
configure:5888: result: @
configure:5946: checking for strip
configure:5962: found /usr/bin/strip
configure:5973: result: strip
configure:6045: checking for ranlib
configure:6061: found /usr/bin/ranlib
configure:6072: result: ranlib
configure:6174: checking command to parse /usr/bin/nm -B output from gcc object
configure:6327: gcc -c -g -O2  conftest.c >&5
configure:6330: $? = 0
configure:6334: /usr/bin/nm -B conftest.o \| sed -n -e 's/^.*[ ]\([ABCDGIRSTW][ABCDGIRSTW]*\)[ ][ ]*\([_A-Za-z][_A-Za-z0-9]*\)$/\1 \2 \2/p' | sed '/ __gnu_lto/d' \> conftest.nm
configure:6337: $? = 0
configure:6403: gcc -o conftest -g -O2   conftest.c conftstm.o >&5
configure:6406: $? = 0
configure:6444: result: ok
configure:6491: checking for sysroot
configure:6521: result: no
configure:6528: checking for a working dd
configure:6566: result: /bin/dd
configure:6570: checking how to truncate binary pipes
configure:6585: result: /bin/dd bs=4096 count=1
configure:6721: gcc -c -g -O2  conftest.c >&5
configure:6724: $? = 0
configure:6914: checking for mt
configure:6930: found /bin/mt
configure:6941: result: mt
configure:6964: checking if mt is a manifest tool
configure:6970: mt '-?'
configure:6978: result: no
configure:7655: checking how to run the C preprocessor
configure:7686: gcc -E  conftest.c
configure:7686: $? = 0
configure:7700: gcc -E  conftest.c
conftest.c:11:28: fatal error: ac_nonexistent.h: No such file or directory
compilation terminated.
configure:7700: $? = 1
configure: failed program was:
| /* confdefs.h */
| #define PACKAGE_NAME "orpara"
| #define PACKAGE_TARNAME "orpara"
| #define PACKAGE_VERSION "0.1.0"
| #define PACKAGE_STRING "orpara 0.1.0"
| #define PACKAGE_BUGREPORT "kmzhou4@yaho.com"
| #define PACKAGE_URL ""
| #define PACKAGE "orpara"
| #define VERSION "0.1.0"
| /* end confdefs.h.  */
| #include <ac_nonexistent.h>
configure:7725: result: gcc -E
configure:7745: gcc -E  conftest.c
configure:7745: $? = 0
configure:7759: gcc -E  conftest.c
conftest.c:11:28: fatal error: ac_nonexistent.h: No such file or directory
compilation terminated.
configure:7759: $? = 1
configure: failed program was:
| /* confdefs.h */
| #define PACKAGE_NAME "orpara"
| #define PACKAGE_TARNAME "orpara"
| #define PACKAGE_VERSION "0.1.0"
| #define PACKAGE_STRING "orpara 0.1.0"
| #define PACKAGE_BUGREPORT "kmzhou4@yaho.com"
| #define PACKAGE_URL ""
| #define PACKAGE "orpara"
| #define VERSION "0.1.0"
| /* end confdefs.h.  */
| #include <ac_nonexistent.h>
configure:7788: checking for ANSI C header files
configure:7808: gcc -c -g -O2  conftest.c >&5
configure:7808: $? = 0
configure:7881: gcc -o conftest -g -O2   conftest.c  >&5
configure:7881: $? = 0
configure:7881: ./conftest
configure:7881: $? = 0
configure:7892: result: yes
configure:7905: checking for sys/types.h
configure:7905: gcc -c -g -O2  conftest.c >&5
configure:7905: $? = 0
configure:7905: result: yes
configure:7905: checking for sys/stat.h
configure:7905: gcc -c -g -O2  conftest.c >&5
configure:7905: $? = 0
configure:7905: result: yes
configure:7905: checking for stdlib.h
configure:7905: gcc -c -g -O2  conftest.c >&5
configure:7905: $? = 0
configure:7905: result: yes
configure:7905: checking for string.h
configure:7905: gcc -c -g -O2  conftest.c >&5
configure:7905: $? = 0
configure:7905: result: yes
configure:7905: checking for memory.h
configure:7905: gcc -c -g -O2  conftest.c >&5
configure:7905: $? = 0
configure:7905: result: yes
configure:7905: checking for strings.h
configure:7905: gcc -c -g -O2  conftest.c >&5
configure:7905: $? = 0
configure:7905: result: yes
configure:7905: checking for inttypes.h
configure:7905: gcc -c -g -O2  conftest.c >&5
configure:7905: $? = 0
configure:7905: result: yes
configure:7905: checking for stdint.h
configure:7905: gcc -c -g -O2  conftest.c >&5
configure:7905: $? = 0
configure:7905: result: yes
configure:7905: checking for unistd.h
configure:7905: gcc -c -g -O2  conftest.c >&5
configure:7905: $? = 0
configure:7905: result: yes
configure:7919: checking for dlfcn.h
configure:7919: gcc -c -g -O2  conftest.c >&5
configure:7919: $? = 0
configure:7919: result: yes
configure:8174: checking for objdir
configure:8189: result: .libs
configure:8453: checking if gcc supports -fno-rtti -fno-exceptions
configure:8471: gcc -c -g -O2  -fno-rtti -fno-exceptions conftest.c >&5
cc1: warning: command line option '-fno-rtti' is valid for C++/ObjC++ but not for C
configure:8475: $? = 0
configure:8488: result: no
configure:8846: checking for gcc option to produce PIC
configure:8853: result: -fPIC -DPIC
configure:8861: checking if gcc PIC flag -fPIC -DPIC works
configure:8879: gcc -c -g -O2  -fPIC -DPIC -DPIC conftest.c >&5
configure:8883: $? = 0
configure:8896: result: yes
configure:8925: checking if gcc static flag -static works
configure:8953: result: yes
configure:8968: checking if gcc supports -c -o file.o
configure:8989: gcc -c -g -O2  -o out/conftest2.o conftest.c >&5
configure:8993: $? = 0
configure:9015: result: yes
configure:9023: checking if gcc supports -c -o file.o
configure:9070: result: yes
configure:9103: checking whether the gcc linker (/usr/bin/ld -m elf_x86_64) supports shared libraries
configure:10366: result: yes
configure:10403: checking whether -lc should be explicitly linked in
configure:10411: gcc -c -g -O2  conftest.c >&5
configure:10414: $? = 0
configure:10429: gcc -shared  -fPIC -DPIC conftest.o  -v -Wl,-soname -Wl,conftest -o conftest 2\>\&1 \| /bin/grep  -lc  \>/dev/null 2\>\&1
configure:10432: $? = 0
configure:10446: result: no
configure:10606: checking dynamic linker characteristics
configure:11187: gcc -o conftest -g -O2   -Wl,-rpath -Wl,/foo conftest.c  >&5
configure:11187: $? = 0
configure:11436: result: GNU/Linux ld.so
configure:11558: checking how to hardcode library paths into programs
configure:11583: result: immediate
configure:11685: checking for shl_load
configure:11685: gcc -o conftest -g -O2   conftest.c  >&5
/tmp/ccMTm6lA.o: In function `main':
/home/kzhou/coding/orpara/conftest.c:57: undefined reference to `shl_load'
collect2: error: ld returned 1 exit status
configure:11685: $? = 1
configure: failed program was:
| /* confdefs.h */
| #define PACKAGE_NAME "orpara"
| #define PACKAGE_TARNAME "orpara"
| #define PACKAGE_VERSION "0.1.0"
| #define PACKAGE_STRING "orpara 0.1.0"
| #define PACKAGE_BUGREPORT "kmzhou4@yaho.com"
| #define PACKAGE_URL ""
| #define PACKAGE "orpara"
| #define VERSION "0.1.0"
| #define STDC_HEADERS 1
| #define HAVE_SYS_TYPES_H 1
| #define HAVE_SYS_STAT_H 1
| #define HAVE_STDLIB_H 1
| #define HAVE_STRING_H 1
| #define HAVE_MEMORY_H 1
| #define HAVE_STRINGS_H 1
| #define HAVE_INTTYPES_H 1
| #define HAVE_STDINT_H 1
| #define HAVE_UNISTD_H 1
| #define HAVE_DLFCN_H 1
| #define LT_OBJDIR ".libs/"
| /* end confdefs.h.  */
| /* Define shl_load to an innocuous variant, in case <limits.h> declares shl_load.
|    For example, HP-UX 11i <limits.h> declares gettimeofday.  */
| #define shl_load innocuous_shl_load
| 
| /* System header to define __stub macros and hopefully few prototypes,
|     which can conflict with char shl_load (); below.
|     Prefer <limits.h> to <assert.h> if __STDC__ is defined, since
|     <limits.h> exists even on freestanding compilers.  */
| 
| #ifdef __STDC__
| # include <limits.h>
| #else
| # include <assert.h>
| #endif
| 
| #undef shl_load
| 
| /* Override any GCC internal prototype to avoid an error.
|    Use char because int might match the return type of a GCC
|    builtin and then its argument prototype would still apply.  */
| #ifdef __cplusplus
| extern "C"
| #endif
| char shl_load ();
| /* The GNU C library defines this for functions which it implements
|     to always fail with ENOSYS.  Some functions are actually named
|     something starting with __ and the normal name is an alias.  */
| #if defined __stub_shl_load || defined __stub___shl_load
| choke me
| #endif
| 
| int
| main ()
| {
| return shl_load ();
|   ;
|   return 0;
| }
configure:11685: result: no
configure:11689: checking for shl_load in -ldld
configure:11714: gcc -o conftest -g -O2   conftest.c -ldld   >&5
/usr/bin/ld: cannot find -ldld
collect2: error: ld returned 1 exit status
configure:11714: $? = 1
configure: failed program was:
| /* confdefs.h */
| #define PACKAGE_NAME "orpara"
| #define PACKAGE_TARNAME "orpara"
| #define PACKAGE_VERSION "0.1.0"
| #define PACKAGE_STRING "orpara 0.1.0"
| #define PACKAGE_BUGREPORT "kmzhou4@yaho.com"
| #define PACKAGE_URL ""
| #define PACKAGE "orpara"
| #define VERSION "0.1.0"
| #define STDC_HEADERS 1
| #define HAVE_SYS_TYPES_H 1
| #define HAVE_SYS_STAT_H 1
| #define HAVE_STDLIB_H 1
| #define HAVE_STRING_H 1
| #define HAVE_MEMORY_H 1
| #define HAVE_STRINGS_H 1
| #define HAVE_INTTYPES_H 1
| #define HAVE_STDINT_H 1
| #define HAVE_UNISTD_H 1
| #define HAVE_DLFCN_H 1
| #define LT_OBJDIR ".libs/"
| /* end confdefs.h.  */
| 
| /* Override any GCC internal prototype to avoid an error.
|    Use char because int might match the return type of a GCC
|    builtin and then its argument prototype would still apply.  */
| #ifdef __cplusplus
| extern "C"
| #endif
| char shl_load ();
| int
| main ()
| {
| return shl_load ();
|   ;
|   return 0;
| }
configure:11723: result: no
configure:11728: checking for dlopen
configure:11728: gcc -o conftest -g -O2   conftest.c  >&5
/tmp/ccKEcOIB.o: In function `main':
/home/kzhou/coding/orpara/conftest.c:57: undefined reference to `dlopen'
collect2: error: ld returned 1 exit status
configure:11728: $? = 1
configure: failed program was:
| /* confdefs.h */
| #define PACKAGE_NAME "orpara"
| #define PACKAGE_TARNAME "orpara"
| #define PACKAGE_VERSION "0.1.0"
| #define PACKAGE_STRING "orpara 0.1.0"
| #define PACKAGE_BUGREPORT "kmzhou4@yaho.com"
| #define PACKAGE_URL ""
| #define PACKAGE "orpara"
| #define VERSION "0.1.0"
| #define STDC_HEADERS 1
| #define HAVE_SYS_TYPES_H 1
| #define HAVE_SYS_STAT_H 1
| #define HAVE_STDLIB_H 1
| #define HAVE_STRING_H 1
| #define HAVE_MEMORY_H 1
| #define HAVE_STRINGS_H 1
| #define HAVE_INTTYPES_H 1
| #define HAVE_STDINT_H 1
| #define HAVE_UNISTD_H 1
| #define HAVE_DLFCN_H 1
| #define LT_OBJDIR ".libs/"
| /* end confdefs.h.  */
| /* Define dlopen to an innocuous variant, in case <limits.h> declares dlopen.
|    For example, HP-UX 11i <limits.h> declares gettimeofday.  */
| #define dlopen innocuous_dlopen
| 
| /* System header to define __stub macros and hopefully few prototypes,
|     which can conflict with char dlopen (); below.
|     Prefer <limits.h> to <assert.h> if __STDC__ is defined, since
|     <limits.h> exists even on freestanding compilers.  */
| 
| #ifdef __STDC__
| # include <limits.h>
| #else
| # include <assert.h>
| #endif
| 
| #undef dlopen
| 
| /* Override any GCC internal prototype to avoid an error.
|    Use char because int might match the return type of a GCC
|    builtin and then its argument prototype would still apply.  */
| #ifdef __cplusplus
| extern "C"
| #endif
| char dlopen ();
| /* The GNU C library defines this for functions which it implements
|     to always fail with ENOSYS.  Some functions are actually named
|     something starting with __ and the normal name is an alias.  */
| #if defined __stub_dlopen || defined __stub___dlopen
| choke me
| #endif
| 
| int
| main ()
| {
| return dlopen ();
|   ;
|   return 0;
| }
configure:11728: result: no
configure:11732: checking for dlopen in -ldl
configure:11757: gcc -o conftest -g -O2   conftest.c -ldl   >&5
configure:11757: $? = 0
configure:11766: result: yes
configure:11885: checking whether a program can dlopen itself
configure:11965: gcc -o conftest -g -O2  -DHAVE_DLFCN_H  -Wl,--export-dynamic conftest.c -ldl  >&5
configure:11968: $? = 0
configure:11986: result: yes
configure:11991: checking whether a statically linked program can dlopen itself
configure:12071: gcc -o conftest -g -O2  -DHAVE_DLFCN_H  -Wl,--export-dynamic -static conftest.c -ldl  >&5
/tmp/ccy5BIpK.o: In function `main':
/home/kzhou/coding/orpara/configure:12050: warning: Using 'dlopen' in statically linked applications requires at runtime the shared libraries from the glibc version used for linking
/usr/bin/ld: dynamic STT_GNU_IFUNC symbol `strcmp' with pointer equality in `/usr/lib/gcc/x86_64-linux-gnu/5/../../../x86_64-linux-gnu/libc.a(strcmp.o)' can not be used when making an executable; recompile with -fPIE and relink with -pie
collect2: error: ld returned 1 exit status
configure:12074: $? = 1
configure:12092: result: no
configure:12131: checking whether stripping libraries is possible
configure:12136: result: yes
configure:12171: checking if libtool supports shared libraries
configure:12173: result: yes
configure:12176: checking whether to build shared libraries
configure:12201: result: yes
configure:12204: checking whether to build static libraries
configure:12208: result: yes
configure:12306: checking for g++
configure:12322: found /usr/bin/g++
configure:12333: result: g++
configure:12360: checking for C++ compiler version
configure:12369: g++ --version >&5
g++ (Ubuntu 5.4.0-6ubuntu1~16.04.4) 5.4.0 20160609
Copyright (C) 2015 Free Software Foundation, Inc.
This is free software; see the source for copying conditions.  There is NO
warranty; not even for MERCHANTABILITY or FITNESS FOR A PARTICULAR PURPOSE.

configure:12380: $? = 0
configure:12369: g++ -v >&5
Using built-in specs.
COLLECT_GCC=g++
COLLECT_LTO_WRAPPER=/usr/lib/gcc/x86_64-linux-gnu/5/lto-wrapper
Target: x86_64-linux-gnu
Configured with: ../src/configure -v --with-pkgversion='Ubuntu 5.4.0-6ubuntu1~16.04.4' --with-bugurl=file:///usr/share/doc/gcc-5/README.Bugs --enable-languages=c,ada,c++,java,go,d,fortran,objc,obj-c++ --prefix=/usr --program-suffix=-5 --enable-shared --enable-linker-build-id --libexecdir=/usr/lib --without-included-gettext --enable-threads=posix --libdir=/usr/lib --enable-nls --with-sysroot=/ --enable-clocale=gnu --enable-libstdcxx-debug --enable-libstdcxx-time=yes --with-default-libstdcxx-abi=new --enable-gnu-unique-object --disable-vtable-verify --enable-libmpx --enable-plugin --with-system-zlib --disable-browser-plugin --enable-java-awt=gtk --enable-gtk-cairo --with-java-home=/usr/lib/jvm/java-1.5.0-gcj-5-amd64/jre --enable-java-home --with-jvm-root-dir=/usr/lib/jvm/java-1.5.0-gcj-5-amd64 --with-jvm-jar-dir=/usr/lib/jvm-exports/java-1.5.0-gcj-5-amd64 --with-arch-directory=amd64 --with-ecj-jar=/usr/share/java/eclipse-ecj.jar --enable-objc-gc --enable-multiarch --disable-werror --with-arch-32=i686 --with-abi=m64 --with-multilib-list=m32,m64,mx32 --enable-multilib --with-tune=generic --enable-checking=release --build=x86_64-linux-gnu --host=x86_64-linux-gnu --target=x86_64-linux-gnu
Thread model: posix
gcc version 5.4.0 20160609 (Ubuntu 5.4.0-6ubuntu1~16.04.4) 
configure:12380: $? = 0
configure:12369: g++ -V >&5
g++: error: unrecognized command line option '-V'
g++: fatal error: no input files
compilation terminated.
configure:12380: $? = 1
configure:12369: g++ -qversion >&5
g++: error: unrecognized command line option '-qversion'
g++: fatal error: no input files
compilation terminated.
configure:12380: $? = 1
configure:12384: checking whether we are using the GNU C++ compiler
configure:12403: g++ -c   conftest.cpp >&5
configure:12403: $? = 0
configure:12412: result: yes
configure:12421: checking whether g++ accepts -g
configure:12441: g++ -c -g  conftest.cpp >&5
configure:12441: $? = 0
configure:12482: result: yes
configure:12507: checking dependency style of g++
configure:12618: result: gcc3
configure:12651: checking how to run the C++ preprocessor
configure:12678: g++ -E  conftest.cpp
configure:12678: $? = 0
configure:12692: g++ -E  conftest.cpp
conftest.cpp:23:28: fatal error: ac_nonexistent.h: No such file or directory
compilation terminated.
configure:12692: $? = 1
configure: failed program was:
| /* confdefs.h */
| #define PACKAGE_NAME "orpara"
| #define PACKAGE_TARNAME "orpara"
| #define PACKAGE_VERSION "0.1.0"
| #define PACKAGE_STRING "orpara 0.1.0"
| #define PACKAGE_BUGREPORT "kmzhou4@yaho.com"
| #define PACKAGE_URL ""
| #define PACKAGE "orpara"
| #define VERSION "0.1.0"
| #define STDC_HEADERS 1
| #define HAVE_SYS_TYPES_H 1
| #define HAVE_SYS_STAT_H 1
| #define HAVE_STDLIB_H 1
| #define HAVE_STRING_H 1
| #define HAVE_MEMORY_H 1
| #define HAVE_STRINGS_H 1
| #define HAVE_INTTYPES_H 1
| #define HAVE_STDINT_H 1
| #define HAVE_UNISTD_H 1
| #define HAVE_DLFCN_H 1
| #define LT_OBJDIR ".libs/"
| /* end confdefs.h.  */
| #include <ac_nonexistent.h>
configure:12717: result: g++ -E
configure:12737: g++ -E  conftest.cpp
configure:12737: $? = 0
configure:12751: g++ -E  conftest.cpp
conftest.cpp:23:28: fatal error: ac_nonexistent.h: No such file or directory
compilation terminated.
configure:12751: $? = 1
configure: failed program was:
| /* confdefs.h */
| #define PACKAGE_NAME "orpara"
| #define PACKAGE_TARNAME "orpara"
| #define PACKAGE_VERSION "0.1.0"
| #define PACKAGE_STRING "orpara 0.1.0"
| #define PACKAGE_BUGREPORT "kmzhou4@yaho.com"
| #define PACKAGE_URL ""
| #define PACKAGE "orpara"
| #define VERSION "0.1.0"
| #define STDC_HEADERS 1
| #define HAVE_SYS_TYPES_H 1
| #define HAVE_SYS_STAT_H 1
| #define HAVE_STDLIB_H 1
| #define HAVE_STRING_H 1
| #define HAVE_MEMORY_H 1
| #define HAVE_STRINGS_H 1
| #define HAVE_INTTYPES_H 1
| #define HAVE_STDINT_H 1
| #define HAVE_UNISTD_H 1
| #define HAVE_DLFCN_H 1
| #define LT_OBJDIR ".libs/"
| /* end confdefs.h.  */
| #include <ac_nonexistent.h>
configure:12913: checking for ld used by g++
configure:12980: result: /usr/bin/ld -m elf_x86_64
configure:12987: checking if the linker (/usr/bin/ld -m elf_x86_64) is GNU ld
configure:13002: result: yes
configure:13057: checking whether the g++ linker (/usr/bin/ld -m elf_x86_64) supports shared libraries
configure:14130: result: yes
configure:14166: g++ -c -g -O2  conftest.cpp >&5
configure:14169: $? = 0
configure:14650: checking for g++ option to produce PIC
configure:14657: result: -fPIC -DPIC
configure:14665: checking if g++ PIC flag -fPIC -DPIC works
configure:14683: g++ -c -g -O2  -fPIC -DPIC -DPIC conftest.cpp >&5
configure:14687: $? = 0
configure:14700: result: yes
configure:14723: checking if g++ static flag -static works
configure:14751: result: yes
configure:14763: checking if g++ supports -c -o file.o
configure:14784: g++ -c -g -O2  -o out/conftest2.o conftest.cpp >&5
configure:14788: $? = 0
configure:14810: result: yes
configure:14815: checking if g++ supports -c -o file.o
configure:14862: result: yes
configure:14892: checking whether the g++ linker (/usr/bin/ld -m elf_x86_64) supports shared libraries
configure:14935: result: yes
configure:15076: checking dynamic linker characteristics
configure:15833: result: GNU/Linux ld.so
configure:15898: checking how to hardcode library paths into programs
configure:15923: result: immediate
configure:16011: checking for gcc
configure:16038: result: gcc
configure:16267: checking for C compiler version
configure:16276: gcc --version >&5
gcc (Ubuntu 5.4.0-6ubuntu1~16.04.4) 5.4.0 20160609
Copyright (C) 2015 Free Software Foundation, Inc.
This is free software; see the source for copying conditions.  There is NO
warranty; not even for MERCHANTABILITY or FITNESS FOR A PARTICULAR PURPOSE.

configure:16287: $? = 0
configure:16276: gcc -v >&5
Using built-in specs.
COLLECT_GCC=gcc
COLLECT_LTO_WRAPPER=/usr/lib/gcc/x86_64-linux-gnu/5/lto-wrapper
Target: x86_64-linux-gnu
Configured with: ../src/configure -v --with-pkgversion='Ubuntu 5.4.0-6ubuntu1~16.04.4' --with-bugurl=file:///usr/share/doc/gcc-5/README.Bugs --enable-languages=c,ada,c++,java,go,d,fortran,objc,obj-c++ --prefix=/usr --program-suffix=-5 --enable-shared --enable-linker-build-id --libexecdir=/usr/lib --without-included-gettext --enable-threads=posix --libdir=/usr/lib --enable-nls --with-sysroot=/ --enable-clocale=gnu --enable-libstdcxx-debug --enable-libstdcxx-time=yes --with-default-libstdcxx-abi=new --enable-gnu-unique-object --disable-vtable-verify --enable-libmpx --enable-plugin --with-system-zlib --disable-browser-plugin --enable-java-awt=gtk --enable-gtk-cairo --with-java-home=/usr/lib/jvm/java-1.5.0-gcj-5-amd64/jre --enable-java-home --with-jvm-root-dir=/usr/lib/jvm/java-1.5.0-gcj-5-amd64 --with-jvm-jar-dir=/usr/lib/jvm-exports/java-1.5.0-gcj-5-amd64 --with-arch-directory=amd64 --with-ecj-jar=/usr/share/java/eclipse-ecj.jar --enable-objc-gc --enable-multiarch --disable-werror --with-arch-32=i686 --with-abi=m64 --with-multilib-list=m32,m64,mx32 --enable-multilib --with-tune=generic --enable-checking=release --build=x86_64-linux-gnu --host=x86_64-linux-gnu --target=x86_64-linux-gnu
Thread model: posix
gcc version 5.4.0 20160609 (Ubuntu 5.4.0-6ubuntu1~16.04.4) 
configure:16287: $? = 0
configure:16276: gcc -V >&5
gcc: error: unrecognized command line option '-V'
gcc: fatal error: no input files
compilation terminated.
configure:16287: $? = 1
configure:16276: gcc -qversion >&5
gcc: error: unrecognized command line option '-qversion'
gcc: fatal error: no input files
compilation terminated.
configure:16287: $? = 1
configure:16291: checking whether we are using the GNU C compiler
configure:16319: result: yes
configure:16328: checking whether gcc accepts -g
configure:16389: result: yes
configure:16406: checking for gcc option to accept ISO C89
configure:16482: result: none needed
configure:16507: checking whether gcc understands -c and -o together
configure:16544: result: yes
configure:16563: checking dependency style of gcc
configure:16674: result: gcc3
configure:16710: checking whether g++ supports C++11 features by default
configure:17004: g++ -c -g -O2  conftest.cpp >&5
conftest.cpp:34:2: error: #error "This is not a C++11 compiler"
 #error "This is not a C++11 compiler"
  ^
configure:17004: $? = 1
configure: failed program was:
| /* confdefs.h */
| #define PACKAGE_NAME "orpara"
| #define PACKAGE_TARNAME "orpara"
| #define PACKAGE_VERSION "0.1.0"
| #define PACKAGE_STRING "orpara 0.1.0"
| #define PACKAGE_BUGREPORT "kmzhou4@yaho.com"
| #define PACKAGE_URL ""
| #define PACKAGE "orpara"
| #define VERSION "0.1.0"
| #define STDC_HEADERS 1
| #define HAVE_SYS_TYPES_H 1
| #define HAVE_SYS_STAT_H 1
| #define HAVE_STDLIB_H 1
| #define HAVE_STRING_H 1
| #define HAVE_MEMORY_H 1
| #define HAVE_STRINGS_H 1
| #define HAVE_INTTYPES_H 1
| #define HAVE_STDINT_H 1
| #define HAVE_UNISTD_H 1
| #define HAVE_DLFCN_H 1
| #define LT_OBJDIR ".libs/"
| /* end confdefs.h.  */
| 
| 
| // If the compiler admits that it is not ready for C++11, why torture it?
| // Hopefully, this will speed up the test.
| 
| #ifndef __cplusplus
| 
| #error "This is not a C++ compiler"
| 
| #elif __cplusplus < 201103L
| 
| #error "This is not a C++11 compiler"
| 
| #else
| 
| namespace cxx11
| {
| 
|   namespace test_static_assert
|   {
| 
|     template <typename T>
|     struct check
|     {
|       static_assert(sizeof(int) <= sizeof(T), "not big enough");
|     };
| 
|   }
| 
|   namespace test_final_override
|   {
| 
|     struct Base
|     {
|       virtual void f() {}
|     };
| 
|     struct Derived : public Base
|     {
|       virtual void f() override {}
|     };
| 
|   }
| 
|   namespace test_double_right_angle_brackets
|   {
| 
|     template < typename T >
|     struct check {};
| 
|     typedef check<void> single_type;
|     typedef check<check<void>> double_type;
|     typedef check<check<check<void>>> triple_type;
|     typedef check<check<check<check<void>>>> quadruple_type;
| 
|   }
| 
|   namespace test_decltype
|   {
| 
|     int
|     f()
|     {
|       int a = 1;
|       decltype(a) b = 2;
|       return a + b;
|     }
| 
|   }
| 
|   namespace test_type_deduction
|   {
| 
|     template < typename T1, typename T2 >
|     struct is_same
|     {
|       static const bool value = false;
|     };
| 
|     template < typename T >
|     struct is_same<T, T>
|     {
|       static const bool value = true;
|     };
| 
|     template < typename T1, typename T2 >
|     auto
|     add(T1 a1, T2 a2) -> decltype(a1 + a2)
|     {
|       return a1 + a2;
|     }
| 
|     int
|     test(const int c, volatile int v)
|     {
|       static_assert(is_same<int, decltype(0)>::value == true, "");
|       static_assert(is_same<int, decltype(c)>::value == false, "");
|       static_assert(is_same<int, decltype(v)>::value == false, "");
|       auto ac = c;
|       auto av = v;
|       auto sumi = ac + av + 'x';
|       auto sumf = ac + av + 1.0;
|       static_assert(is_same<int, decltype(ac)>::value == true, "");
|       static_assert(is_same<int, decltype(av)>::value == true, "");
|       static_assert(is_same<int, decltype(sumi)>::value == true, "");
|       static_assert(is_same<int, decltype(sumf)>::value == false, "");
|       static_assert(is_same<int, decltype(add(c, v))>::value == true, "");
|       return (sumf > 0.0) ? sumi : add(c, v);
|     }
| 
|   }
| 
|   namespace test_noexcept
|   {
| 
|     int f() { return 0; }
|     int g() noexcept { return 0; }
| 
|     static_assert(noexcept(f()) == false, "");
|     static_assert(noexcept(g()) == true, "");
| 
|   }
| 
|   namespace test_constexpr
|   {
| 
|     template < typename CharT >
|     unsigned long constexpr
|     strlen_c_r(const CharT *const s, const unsigned long acc) noexcept
|     {
|       return *s ? strlen_c_r(s + 1, acc + 1) : acc;
|     }
| 
|     template < typename CharT >
|     unsigned long constexpr
|     strlen_c(const CharT *const s) noexcept
|     {
|       return strlen_c_r(s, 0UL);
|     }
| 
|     static_assert(strlen_c("") == 0UL, "");
|     static_assert(strlen_c("1") == 1UL, "");
|     static_assert(strlen_c("example") == 7UL, "");
|     static_assert(strlen_c("another\0example") == 7UL, "");
| 
|   }
| 
|   namespace test_rvalue_references
|   {
| 
|     template < int N >
|     struct answer
|     {
|       static constexpr int value = N;
|     };
| 
|     answer<1> f(int&)       { return answer<1>(); }
|     answer<2> f(const int&) { return answer<2>(); }
|     answer<3> f(int&&)      { return answer<3>(); }
| 
|     void
|     test()
|     {
|       int i = 0;
|       const int c = 0;
|       static_assert(decltype(f(i))::value == 1, "");
|       static_assert(decltype(f(c))::value == 2, "");
|       static_assert(decltype(f(0))::value == 3, "");
|     }
| 
|   }
| 
|   namespace test_uniform_initialization
|   {
| 
|     struct test
|     {
|       static const int zero {};
|       static const int one {1};
|     };
| 
|     static_assert(test::zero == 0, "");
|     static_assert(test::one == 1, "");
| 
|   }
| 
|   namespace test_lambdas
|   {
| 
|     void
|     test1()
|     {
|       auto lambda1 = [](){};
|       auto lambda2 = lambda1;
|       lambda1();
|       lambda2();
|     }
| 
|     int
|     test2()
|     {
|       auto a = [](int i, int j){ return i + j; }(1, 2);
|       auto b = []() -> int { return '0'; }();
|       auto c = [=](){ return a + b; }();
|       auto d = [&](){ return c; }();
|       auto e = [a, &b](int x) mutable {
|         const auto identity = [](int y){ return y; };
|         for (auto i = 0; i < a; ++i)
|           a += b--;
|         return x + identity(a + b);
|       }(0);
|       return a + b + c + d + e;
|     }
| 
|     int
|     test3()
|     {
|       const auto nullary = [](){ return 0; };
|       const auto unary = [](int x){ return x; };
|       using nullary_t = decltype(nullary);
|       using unary_t = decltype(unary);
|       const auto higher1st = [](nullary_t f){ return f(); };
|       const auto higher2nd = [unary](nullary_t f1){
|         return [unary, f1](unary_t f2){ return f2(unary(f1())); };
|       };
|       return higher1st(nullary) + higher2nd(nullary)(unary);
|     }
| 
|   }
| 
|   namespace test_variadic_templates
|   {
| 
|     template <int...>
|     struct sum;
| 
|     template <int N0, int... N1toN>
|     struct sum<N0, N1toN...>
|     {
|       static constexpr auto value = N0 + sum<N1toN...>::value;
|     };
| 
|     template <>
|     struct sum<>
|     {
|       static constexpr auto value = 0;
|     };
| 
|     static_assert(sum<>::value == 0, "");
|     static_assert(sum<1>::value == 1, "");
|     static_assert(sum<23>::value == 23, "");
|     static_assert(sum<1, 2>::value == 3, "");
|     static_assert(sum<5, 5, 11>::value == 21, "");
|     static_assert(sum<2, 3, 5, 7, 11, 13>::value == 41, "");
| 
|   }
| 
|   // http://stackoverflow.com/questions/13728184/template-aliases-and-sfinae
|   // Clang 3.1 fails with headers of libstd++ 4.8.3 when using std::function
|   // because of this.
|   namespace test_template_alias_sfinae
|   {
| 
|     struct foo {};
| 
|     template<typename T>
|     using member = typename T::member_type;
| 
|     template<typename T>
|     void func(...) {}
| 
|     template<typename T>
|     void func(member<T>*) {}
| 
|     void test();
| 
|     void test() { func<foo>(0); }
| 
|   }
| 
| }  // namespace cxx11
| 
| #endif  // __cplusplus >= 201103L
| 
| 
| 
configure:17011: result: no
configure:17023: checking whether g++ supports C++11 features with -std=c++11
configure:17319: g++ -std=c++11 -c -g -O2  conftest.cpp >&5
configure:17319: $? = 0
configure:17328: result: yes
configure:17562: checking whether gcc is Clang
configure:17587: result: no
configure:17710: checking whether pthreads work with -pthread
configure:17804: gcc -o conftest -g -O2 -pthread  -L/usr/lib/x86_64-linux-gnu  conftest.c  -lpthread  >&5
configure:17804: $? = 0
configure:17813: result: yes
configure:17832: checking for joinable pthread attribute
configure:17850: gcc -o conftest -g -O2 -pthread  -L/usr/lib/x86_64-linux-gnu  conftest.c  -lpthread  >&5
configure:17850: $? = 0
configure:17858: result: PTHREAD_CREATE_JOINABLE
configure:17872: checking whether more special flags are required for pthreads
configure:17885: result: no
configure:17893: checking for PTHREAD_PRIO_INHERIT
configure:17909: gcc -o conftest -g -O2 -pthread  -L/usr/lib/x86_64-linux-gnu  conftest.c  -lpthread  >&5
configure:17909: $? = 0
configure:17918: result: yes
configure:18066: g++ -std=c++11 -o conftest -I/usr/local/include -g -O2  -L/usr/local/lib  conftest.cpp  -lgtest -lgtest_main -lgmock -lgmock_main -lpthread >&5
configure:18066: $? = 0
configure:18086: checking for stdbool.h that conforms to C99
configure:18153: gcc -c -g -O2  conftest.c >&5
configure:18153: $? = 0
configure:18160: result: yes
configure:18162: checking for _Bool
configure:18162: gcc -c -g -O2  conftest.c >&5
configure:18162: $? = 0
configure:18162: gcc -c -g -O2  conftest.c >&5
conftest.c: In function 'main':
conftest.c:62:20: error: expected expression before ')' token
 if (sizeof ((_Bool)))
                    ^
configure:18162: $? = 1
configure: failed program was:
| /* confdefs.h */
| #define PACKAGE_NAME "orpara"
| #define PACKAGE_TARNAME "orpara"
| #define PACKAGE_VERSION "0.1.0"
| #define PACKAGE_STRING "orpara 0.1.0"
| #define PACKAGE_BUGREPORT "kmzhou4@yaho.com"
| #define PACKAGE_URL ""
| #define PACKAGE "orpara"
| #define VERSION "0.1.0"
| #define STDC_HEADERS 1
| #define HAVE_SYS_TYPES_H 1
| #define HAVE_SYS_STAT_H 1
| #define HAVE_STDLIB_H 1
| #define HAVE_STRING_H 1
| #define HAVE_MEMORY_H 1
| #define HAVE_STRINGS_H 1
| #define HAVE_INTTYPES_H 1
| #define HAVE_STDINT_H 1
| #define HAVE_UNISTD_H 1
| #define HAVE_DLFCN_H 1
| #define LT_OBJDIR ".libs/"
| #define HAVE_CXX11 1
| #define HAVE_PTHREAD_PRIO_INHERIT 1
| #define HAVE_PTHREAD 1
| /* end confdefs.h.  */
| #include <stdio.h>
| #ifdef HAVE_SYS_TYPES_H
| # include <sys/types.h>
| #endif
| #ifdef HAVE_SYS_STAT_H
| # include <sys/stat.h>
| #endif
| #ifdef STDC_HEADERS
| # include <stdlib.h>
| # include <stddef.h>
| #else
| # ifdef HAVE_STDLIB_H
| #  include <stdlib.h>
| # endif
| #endif
| #ifdef HAVE_STRING_H
| # if !defined STDC_HEADERS && defined HAVE_MEMORY_H
| #  include <memory.h>
| # endif
| # include <string.h>
| #endif
| #ifdef HAVE_STRINGS_H
| # include <strings.h>
| #endif
| #ifdef HAVE_INTTYPES_H
| # include <inttypes.h>
| #endif
| #ifdef HAVE_STDINT_H
| # include <stdint.h>
| #endif
| #ifdef HAVE_UNISTD_H
| # include <unistd.h>
| #endif
| int
| main ()
| {
| if (sizeof ((_Bool)))
| 	    return 0;
|   ;
|   return 0;
| }
configure:18162: result: yes
configure:18173: checking for size_t
configure:18173: gcc -c -g -O2  conftest.c >&5
configure:18173: $? = 0
configure:18173: gcc -c -g -O2  conftest.c >&5
conftest.c: In function 'main':
conftest.c:63:21: error: expected expression before ')' token
 if (sizeof ((size_t)))
                     ^
configure:18173: $? = 1
configure: failed program was:
| /* confdefs.h */
| #define PACKAGE_NAME "orpara"
| #define PACKAGE_TARNAME "orpara"
| #define PACKAGE_VERSION "0.1.0"
| #define PACKAGE_STRING "orpara 0.1.0"
| #define PACKAGE_BUGREPORT "kmzhou4@yaho.com"
| #define PACKAGE_URL ""
| #define PACKAGE "orpara"
| #define VERSION "0.1.0"
| #define STDC_HEADERS 1
| #define HAVE_SYS_TYPES_H 1
| #define HAVE_SYS_STAT_H 1
| #define HAVE_STDLIB_H 1
| #define HAVE_STRING_H 1
| #define HAVE_MEMORY_H 1
| #define HAVE_STRINGS_H 1
| #define HAVE_INTTYPES_H 1
| #define HAVE_STDINT_H 1
| #define HAVE_UNISTD_H 1
| #define HAVE_DLFCN_H 1
| #define LT_OBJDIR ".libs/"
| #define HAVE_CXX11 1
| #define HAVE_PTHREAD_PRIO_INHERIT 1
| #define HAVE_PTHREAD 1
| #define HAVE__BOOL 1
| /* end confdefs.h.  */
| #include <stdio.h>
| #ifdef HAVE_SYS_TYPES_H
| # include <sys/types.h>
| #endif
| #ifdef HAVE_SYS_STAT_H
| # include <sys/stat.h>
| #endif
| #ifdef STDC_HEADERS
| # include <stdlib.h>
| # include <stddef.h>
| #else
| # ifdef HAVE_STDLIB_H
| #  include <stdlib.h>
| # endif
| #endif
| #ifdef HAVE_STRING_H
| # if !defined STDC_HEADERS && defined HAVE_MEMORY_H
| #  include <memory.h>
| # endif
| # include <string.h>
| #endif
| #ifdef HAVE_STRINGS_H
| # include <strings.h>
| #endif
| #ifdef HAVE_INTTYPES_H
| # include <inttypes.h>
| #endif
| #ifdef HAVE_STDINT_H
| # include <stdint.h>
| #endif
| #ifdef HAVE_UNISTD_H
| # include <unistd.h>
| #endif
| int
| main ()
| {
| if (sizeof ((size_t)))
| 	    return 0;
|   ;
|   return 0;
| }
configure:18173: result: yes
configure:18191: checking for pow
configure:18191: gcc -o conftest -g -O2   conftest.c  >&5
conftest.c:50:6: warning: conflicting types for built-in function 'pow'
 char pow ();
      ^
/tmp/ccBLeuYF.o: In function `main':
/home/kzhou/coding/orpara/conftest.c:61: undefined reference to `pow'
collect2: error: ld returned 1 exit status
configure:18191: $? = 1
configure: failed program was:
| /* confdefs.h */
| #define PACKAGE_NAME "orpara"
| #define PACKAGE_TARNAME "orpara"
| #define PACKAGE_VERSION "0.1.0"
| #define PACKAGE_STRING "orpara 0.1.0"
| #define PACKAGE_BUGREPORT "kmzhou4@yaho.com"
| #define PACKAGE_URL ""
| #define PACKAGE "orpara"
| #define VERSION "0.1.0"
| #define STDC_HEADERS 1
| #define HAVE_SYS_TYPES_H 1
| #define HAVE_SYS_STAT_H 1
| #define HAVE_STDLIB_H 1
| #define HAVE_STRING_H 1
| #define HAVE_MEMORY_H 1
| #define HAVE_STRINGS_H 1
| #define HAVE_INTTYPES_H 1
| #define HAVE_STDINT_H 1
| #define HAVE_UNISTD_H 1
| #define HAVE_DLFCN_H 1
| #define LT_OBJDIR ".libs/"
| #define HAVE_CXX11 1
| #define HAVE_PTHREAD_PRIO_INHERIT 1
| #define HAVE_PTHREAD 1
| #define HAVE__BOOL 1
| /* end confdefs.h.  */
| /* Define pow to an innocuous variant, in case <limits.h> declares pow.
|    For example, HP-UX 11i <limits.h> declares gettimeofday.  */
| #define pow innocuous_pow
| 
| /* System header to define __stub macros and hopefully few prototypes,
|     which can conflict with char pow (); below.
|     Prefer <limits.h> to <assert.h> if __STDC__ is defined, since
|     <limits.h> exists even on freestanding compilers.  */
| 
| #ifdef __STDC__
| # include <limits.h>
| #else
| # include <assert.h>
| #endif
| 
| #undef pow
| 
| /* Override any GCC internal prototype to avoid an error.
|    Use char because int might match the return type of a GCC
|    builtin and then its argument prototype would still apply.  */
| #ifdef __cplusplus
| extern "C"
| #endif
| char pow ();
| /* The GNU C library defines this for functions which it implements
|     to always fail with ENOSYS.  Some functions are actually named
|     something starting with __ and the normal name is an alias.  */
| #if defined __stub_pow || defined __stub___pow
| choke me
| #endif
| 
| int
| main ()
| {
| return pow ();
|   ;
|   return 0;
| }
configure:18191: result: no
configure:18191: checking for sqrt
configure:18191: gcc -o conftest -g -O2   conftest.c  >&5
conftest.c:50:6: warning: conflicting types for built-in function 'sqrt'
 char sqrt ();
      ^
/tmp/ccI0hsqA.o: In function `main':
/home/kzhou/coding/orpara/conftest.c:61: undefined reference to `sqrt'
collect2: error: ld returned 1 exit status
configure:18191: $? = 1
configure: failed program was:
| /* confdefs.h */
| #define PACKAGE_NAME "orpara"
| #define PACKAGE_TARNAME "orpara"
| #define PACKAGE_VERSION "0.1.0"
| #define PACKAGE_STRING "orpara 0.1.0"
| #define PACKAGE_BUGREPORT "kmzhou4@yaho.com"
| #define PACKAGE_URL ""
| #define PACKAGE "orpara"
| #define VERSION "0.1.0"
| #define STDC_HEADERS 1
| #define HAVE_SYS_TYPES_H 1
| #define HAVE_SYS_STAT_H 1
| #define HAVE_STDLIB_H 1
| #define HAVE_STRING_H 1
| #define HAVE_MEMORY_H 1
| #define HAVE_STRINGS_H 1
| #define HAVE_INTTYPES_H 1
| #define HAVE_STDINT_H 1
| #define HAVE_UNISTD_H 1
| #define HAVE_DLFCN_H 1
| #define LT_OBJDIR ".libs/"
| #define HAVE_CXX11 1
| #define HAVE_PTHREAD_PRIO_INHERIT 1
| #define HAVE_PTHREAD 1
| #define HAVE__BOOL 1
| /* end confdefs.h.  */
| /* Define sqrt to an innocuous variant, in case <limits.h> declares sqrt.
|    For example, HP-UX 11i <limits.h> declares gettimeofday.  */
| #define sqrt innocuous_sqrt
| 
| /* System header to define __stub macros and hopefully few prototypes,
|     which can conflict with char sqrt (); below.
|     Prefer <limits.h> to <assert.h> if __STDC__ is defined, since
|     <limits.h> exists even on freestanding compilers.  */
| 
| #ifdef __STDC__
| # include <limits.h>
| #else
| # include <assert.h>
| #endif
| 
| #undef sqrt
| 
| /* Override any GCC internal prototype to avoid an error.
|    Use char because int might match the return type of a GCC
|    builtin and then its argument prototype would still apply.  */
| #ifdef __cplusplus
| extern "C"
| #endif
| char sqrt ();
| /* The GNU C library defines this for functions which it implements
|     to always fail with ENOSYS.  Some functions are actually named
|     something starting with __ and the normal name is an alias.  */
| #if defined __stub_sqrt || defined __stub___sqrt
| choke me
| #endif
| 
| int
| main ()
| {
| return sqrt ();
|   ;
|   return 0;
| }
configure:18191: result: no
configure:18191: checking for strchr
configure:18191: gcc -o conftest -g -O2   conftest.c  >&5
conftest.c:50:6: warning: conflicting types for built-in function 'strchr'
 char strchr ();
      ^
configure:18191: $? = 0
configure:18191: result: yes
configure:18191: checking for strstr
configure:18191: gcc -o conftest -g -O2   conftest.c  >&5
conftest.c:51:6: warning: conflicting types for built-in function 'strstr'
 char strstr ();
      ^
configure:18191: $? = 0
configure:18191: result: yes
configure:18312: checking that generated files are newer than configure
configure:18318: result: done
configure:18349: creating ./config.status

## ---------------- ##
## Cache variables. ##
## ---------------- ##

ac_cv_build=x86_64-pc-linux-gnu
ac_cv_c_compiler_gnu=yes
ac_cv_cxx_compiler_gnu=yes
ac_cv_env_CCC_set=
ac_cv_env_CCC_value=
ac_cv_env_CC_set=
ac_cv_env_CC_value=
ac_cv_env_CFLAGS_set=
ac_cv_env_CFLAGS_value=
ac_cv_env_CPPFLAGS_set=
ac_cv_env_CPPFLAGS_value=
ac_cv_env_CPP_set=
ac_cv_env_CPP_value=
ac_cv_env_CXXCPP_set=
ac_cv_env_CXXCPP_value=
ac_cv_env_CXXFLAGS_set=
ac_cv_env_CXXFLAGS_value=
ac_cv_env_CXX_set=
ac_cv_env_CXX_value=
ac_cv_env_GTESTINC_set=
ac_cv_env_GTESTINC_value=
ac_cv_env_GTESTLIB_set=
ac_cv_env_GTESTLIB_value=
ac_cv_env_LDFLAGS_set=
ac_cv_env_LDFLAGS_value=
ac_cv_env_LIBS_set=
ac_cv_env_LIBS_value=
ac_cv_env_LT_SYS_LIBRARY_PATH_set=
ac_cv_env_LT_SYS_LIBRARY_PATH_value=
ac_cv_env_build_alias_set=
ac_cv_env_build_alias_value=
ac_cv_env_host_alias_set=
ac_cv_env_host_alias_value=
ac_cv_env_target_alias_set=
ac_cv_env_target_alias_value=
ac_cv_func_dlopen=no
ac_cv_func_pow=no
ac_cv_func_shl_load=no
ac_cv_func_sqrt=no
ac_cv_func_strchr=yes
ac_cv_func_strstr=yes
ac_cv_header_dlfcn_h=yes
ac_cv_header_inttypes_h=yes
ac_cv_header_memory_h=yes
ac_cv_header_stdbool_h=yes
ac_cv_header_stdc=yes
ac_cv_header_stdint_h=yes
ac_cv_header_stdlib_h=yes
ac_cv_header_string_h=yes
ac_cv_header_strings_h=yes
ac_cv_header_sys_stat_h=yes
ac_cv_header_sys_types_h=yes
ac_cv_header_unistd_h=yes
ac_cv_host=x86_64-pc-linux-gnu
ac_cv_lib_dl_dlopen=yes
ac_cv_lib_dld_shl_load=no
ac_cv_objext=o
ac_cv_path_EGREP='/bin/grep -E'
ac_cv_path_FGREP='/bin/grep -F'
ac_cv_path_GREP=/bin/grep
ac_cv_path_SED=/bin/sed
ac_cv_path_install='/usr/bin/install -c'
ac_cv_path_lt_DD=/bin/dd
ac_cv_path_mkdir=/bin/mkdir
ac_cv_prog_AWK=mawk
ac_cv_prog_CPP='gcc -E'
ac_cv_prog_CXXCPP='g++ -E'
ac_cv_prog_ac_ct_AR=ar
ac_cv_prog_ac_ct_CC=gcc
ac_cv_prog_ac_ct_CXX=g++
ac_cv_prog_ac_ct_MANIFEST_TOOL=mt
ac_cv_prog_ac_ct_OBJDUMP=objdump
ac_cv_prog_ac_ct_RANLIB=ranlib
ac_cv_prog_ac_ct_STRIP=strip
ac_cv_prog_cc_c89=
ac_cv_prog_cc_g=yes
ac_cv_prog_cxx_g=yes
ac_cv_prog_make_make_set=yes
ac_cv_type__Bool=yes
ac_cv_type_size_t=yes
am_cv_CC_dependencies_compiler_type=gcc3
am_cv_CXX_dependencies_compiler_type=gcc3
am_cv_ar_interface=ar
am_cv_make_support_nested_variables=yes
am_cv_prog_cc_c_o=yes
ax_cv_PTHREAD_CLANG=no
ax_cv_PTHREAD_JOINABLE_ATTR=PTHREAD_CREATE_JOINABLE
ax_cv_PTHREAD_PRIO_INHERIT=yes
ax_cv_PTHREAD_SPECIAL_FLAGS=no
ax_cv_cxx_compile_cxx11=no
ax_cv_cxx_compile_cxx11__std_cpp11=yes
lt_cv_ar_at_file=@
lt_cv_archive_cmds_need_lc=no
lt_cv_deplibs_check_method=pass_all
lt_cv_dlopen=dlopen
lt_cv_dlopen_libs=-ldl
lt_cv_dlopen_self=yes
lt_cv_dlopen_self_static=no
lt_cv_file_magic_cmd='$MAGIC_CMD'
lt_cv_file_magic_test_file=
lt_cv_ld_reload_flag=-r
lt_cv_nm_interface='BSD nm'
lt_cv_objdir=.libs
lt_cv_path_LD=/usr/bin/ld
lt_cv_path_LDCXX='/usr/bin/ld -m elf_x86_64'
lt_cv_path_NM='/usr/bin/nm -B'
lt_cv_path_mainfest_tool=no
lt_cv_prog_compiler_c_o=yes
lt_cv_prog_compiler_c_o_CXX=yes
lt_cv_prog_compiler_pic='-fPIC -DPIC'
lt_cv_prog_compiler_pic_CXX='-fPIC -DPIC'
lt_cv_prog_compiler_pic_works=yes
lt_cv_prog_compiler_pic_works_CXX=yes
lt_cv_prog_compiler_rtti_exceptions=no
lt_cv_prog_compiler_static_works=yes
lt_cv_prog_compiler_static_works_CXX=yes
lt_cv_prog_gnu_ld=yes
lt_cv_prog_gnu_ldcxx=yes
lt_cv_sharedlib_from_linklib_cmd='printf %s\n'
lt_cv_shlibpath_overrides_runpath=no
lt_cv_sys_global_symbol_pipe='sed -n -e '\''s/^.*[	 ]\([ABCDGIRSTW][ABCDGIRSTW]*\)[	 ][	 ]*\([_A-Za-z][_A-Za-z0-9]*\)$/\1 \2 \2/p'\'' | sed '\''/ __gnu_lto/d'\'''
lt_cv_sys_global_symbol_to_c_name_address='sed -n -e '\''s/^: \(.*\) .*$/  {"\1", (void *) 0},/p'\'' -e '\''s/^[ABCDGIRSTW][ABCDGIRSTW]* .* \(.*\)$/  {"\1", (void *) \&\1},/p'\'''
lt_cv_sys_global_symbol_to_c_name_address_lib_prefix='sed -n -e '\''s/^: \(.*\) .*$/  {"\1", (void *) 0},/p'\'' -e '\''s/^[ABCDGIRSTW][ABCDGIRSTW]* .* \(lib.*\)$/  {"\1", (void *) \&\1},/p'\'' -e '\''s/^[ABCDGIRSTW][ABCDGIRSTW]* .* \(.*\)$/  {"lib\1", (void *) \&\1},/p'\'''
lt_cv_sys_global_symbol_to_cdecl='sed -n -e '\''s/^T .* \(.*\)$/extern int \1();/p'\'' -e '\''s/^[ABCDGIRSTW][ABCDGIRSTW]* .* \(.*\)$/extern char \1;/p'\'''
lt_cv_sys_global_symbol_to_import=
lt_cv_sys_max_cmd_len=1572864
lt_cv_to_host_file_cmd=func_convert_file_noop
lt_cv_to_tool_file_cmd=func_convert_file_noop
lt_cv_truncate_bin='/bin/dd bs=4096 count=1'

## ----------------- ##
## Output variables. ##
## ----------------- ##

ACLOCAL='${SHELL} /home/kzhou/coding/orpara/missing aclocal-1.15'
AMDEPBACKSLASH='\'
AMDEP_FALSE='#'
AMDEP_TRUE=''
AMTAR='$${TAR-tar}'
AM_BACKSLASH='\'
AM_DEFAULT_V='$(AM_DEFAULT_VERBOSITY)'
AM_DEFAULT_VERBOSITY='1'
AM_V='$(V)'
AR='ar'
AUTOCONF='${SHELL} /home/kzhou/coding/orpara/missing autoconf'
AUTOHEADER='${SHELL} /home/kzhou/coding/orpara/missing autoheader'
AUTOMAKE='${SHELL} /home/kzhou/coding/orpara/missing automake-1.15'
AWK='mawk'
CC='gcc'
CCDEPMODE='depmode=gcc3'
CFLAGS='-g -O2'
CPP='gcc -E'
CPPFLAGS=''
CXX='g++ -std=c++11'
CXXCPP='g++ -E -std=c++11'
CXXDEPMODE='depmode=gcc3'
CXXFLAGS='-g -O2'
CYGPATH_W='echo'
DEFS='-DHAVE_CONFIG_H'
DEPDIR='.deps'
DLLTOOL='false'
DSYMUTIL=''
DUMPBIN=''
ECHO_C=''
ECHO_N='-n'
ECHO_T=''
EGREP='/bin/grep -E'
EXEEXT=''
FGREP='/bin/grep -F'
GREP='/bin/grep'
GTESTINC=''
GTESTLIB=''
HAVE_CXX11='1'
INSTALL_DATA='${INSTALL} -m 644'
INSTALL_PROGRAM='${INSTALL}'
INSTALL_SCRIPT='${INSTALL}'
INSTALL_STRIP_PROGRAM='$(install_sh) -c -s'
LD='/usr/bin/ld -m elf_x86_64'
LDFLAGS=''
LIBOBJS=''
LIBS=''
LIBTOOL='$(SHELL) $(top_builddir)/libtool'
LIPO=''
LN_S='ln -s'
LTLIBOBJS=''
LT_SYS_LIBRARY_PATH=''
MAKEINFO='${SHELL} /home/kzhou/coding/orpara/missing makeinfo'
MANIFEST_TOOL=':'
MKDIR_P='/bin/mkdir -p'
NM='/usr/bin/nm -B'
NMEDIT=''
OBJDUMP='objdump'
OBJEXT='o'
OTOOL64=''
OTOOL=''
PACKAGE='orpara'
PACKAGE_BUGREPORT='kmzhou4@yaho.com'
PACKAGE_NAME='orpara'
PACKAGE_STRING='orpara 0.1.0'
PACKAGE_TARNAME='orpara'
PACKAGE_URL=''
PACKAGE_VERSION='0.1.0'
PATH_SEPARATOR=':'
PTHREAD_CC='gcc'
PTHREAD_CFLAGS='-pthread'
PTHREAD_LIBS=''
RANLIB='ranlib'
SED='/bin/sed'
SET_MAKE=''
SHELL='/bin/bash'
STRIP='strip'
VERSION='0.1.0'
ac_ct_AR='ar'
ac_ct_CC='gcc'
ac_ct_CXX='g++'
ac_ct_DUMPBIN=''
am__EXEEXT_FALSE=''
am__EXEEXT_TRUE='#'
am__fastdepCC_FALSE='#'
am__fastdepCC_TRUE=''
am__fastdepCXX_FALSE='#'
am__fastdepCXX_TRUE=''
am__include='include'
am__isrc=''
am__leading_dot='.'
am__nodep='_no'
am__quote=''
am__tar='$${TAR-tar} chof - "$$tardir"'
am__untar='$${TAR-tar} xf -'
ax_pthread_config=''
bindir='${exec_prefix}/bin'
build='x86_64-pc-linux-gnu'
build_alias=''
build_cpu='x86_64'
build_os='linux-gnu'
build_vendor='pc'
datadir='${datarootdir}'
datarootdir='${prefix}/share'
docdir='${datarootdir}/doc/${PACKAGE_TARNAME}'
dvidir='${docdir}'
exec_prefix='${prefix}'
gtest_CC='gcc'
gtest_CFLAGS='-g -O2 -pthread'
gtest_CXX=''
gtest_CXXFLAGS='-g -O2 '
gtest_LIBS=' -lpthread   -lgtest -lgtest_main -lgmock -lgmock_main -lpthread'
host='x86_64-pc-linux-gnu'
host_alias=''
host_cpu='x86_64'
host_os='linux-gnu'
host_vendor='pc'
htmldir='${docdir}'
includedir='${prefix}/include'
infodir='${datarootdir}/info'
install_sh='${SHELL} /home/kzhou/coding/orpara/install-sh'
libdir='${exec_prefix}/lib'
libexecdir='${exec_prefix}/libexec'
localedir='${datarootdir}/locale'
localstatedir='${prefix}/var'
mandir='${datarootdir}/man'
mkdir_p='$(MKDIR_P)'
oldincludedir='/usr/include'
pdfdir='${docdir}'
prefix='/usr/local'
program_transform_name='s,x,x,'
psdir='${docdir}'
runstatedir='${localstatedir}/run'
sbindir='${exec_prefix}/sbin'
sharedstatedir='${prefix}/com'
sysconfdir='${prefix}/etc'
target_alias=''

## ----------- ##
## confdefs.h. ##
## ----------- ##

/* confdefs.h */
#define PACKAGE_NAME "orpara"
#define PACKAGE_TARNAME "orpara"
#define PACKAGE_VERSION "0.1.0"
#define PACKAGE_STRING "orpara 0.1.0"
#define PACKAGE_BUGREPORT "kmzhou4@yaho.com"
#define PACKAGE_URL ""
#define PACKAGE "orpara"
#define VERSION "0.1.0"
#define STDC_HEADERS 1
#define HAVE_SYS_TYPES_H 1
#define HAVE_SYS_STAT_H 1
#define HAVE_STDLIB_H 1
#define HAVE_STRING_H 1
#define HAVE_MEMORY_H 1
#define HAVE_STRINGS_H 1
#define HAVE_INTTYPES_H 1
#define HAVE_STDINT_H 1
#define HAVE_UNISTD_H 1
#define HAVE_DLFCN_H 1
#define LT_OBJDIR ".libs/"
#define HAVE_CXX11 1
#define HAVE_PTHREAD_PRIO_INHERIT 1
#define HAVE_PTHREAD 1
#define HAVE__BOOL 1
#define HAVE_STRCHR 1
#define HAVE_STRSTR 1

configure: exit 0

## ---------------------- ##
## Running config.status. ##
## ---------------------- ##

This file was extended by orpara config.status 0.1.0, which was
generated by GNU Autoconf 2.69.  Invocation command line was

  CONFIG_FILES    = 
  CONFIG_HEADERS  = 
  CONFIG_LINKS    = 
  CONFIG_COMMANDS = 
  $ ./config.status 

on jinshou

config.status:1168: creating Makefile
config.status:1168: creating src/Makefile
config.status:1168: creating src/seqaln/Makefile
config.status:1168: creating src/test/Makefile
config.status:1168: creating config.h
config.status:1349: config.h is unchanged
config.status:1397: executing depfiles commands
config.status:1397: executing libtool commands

## ---------------------- ##
## Running config.status. ##
## ---------------------- ##

This file was extended by orpara config.status 0.1.0, which was
generated by GNU Autoconf 2.69.  Invocation command line was

  CONFIG_FILES    = 
  CONFIG_HEADERS  = 
  CONFIG_LINKS    = 
  CONFIG_COMMANDS = 
  $ ./config.status config.h

on jinshou

config.status:1168: creating config.h
config.status:1349: config.h is unchanged
